<?xml version="1.0" encoding="UTF-8"?>
<!-- Generated by org.testng.reporters.JUnitReportReporter -->
<testsuite hostname="LAPTOP-DC5CTV5D" failures="0" tests="1" name="com.tyss.studentmanagement.CreateSubjectRoutingTest" time="52.045" errors="0" timestamp="2022-08-10T18:40:02 IST" skipped="0">
  <testcase classname="com.tyss.studentmanagement.CreateSubjectRoutingTest" name="main" time="52.045"/>
  <system-out/>
</testsuite> <!-- com.tyss.studentmanagement.CreateSubjectRoutingTest -->
