<?xml version="1.0" encoding="UTF-8"?>
<!-- Generated by org.testng.reporters.JUnitReportReporter -->
<testsuite hostname="Nirmala" failures="0" tests="1" name="com.tyss.studentmanagement.AddTeacher" time="8.767" errors="0" timestamp="2022-08-10T15:49:24 IST" skipped="0">
  <testcase classname="com.tyss.studentmanagement.AddTeacher" name="addTeacherpage" time="8.767"/>
  <system-out/>
</testsuite> <!-- com.tyss.studentmanagement.AddTeacher -->
