<?xml version="1.0" encoding="UTF-8"?>
<!-- Generated by org.testng.reporters.JUnitReportReporter -->
<testsuite hostname="Nirmala" failures="0" tests="1" name="com.tyss.studentmanagement.EditGrade" time="0.969" errors="0" timestamp="2022-08-11T18:59:16 IST" skipped="0">
  <testcase classname="com.tyss.studentmanagement.EditGrade" name="main" time="0.969"/>
  <system-out/>
</testsuite> <!-- com.tyss.studentmanagement.EditGrade -->
