<?xml version="1.0" encoding="UTF-8"?>
<!-- Generated by org.testng.reporters.JUnitReportReporter -->
<testsuite hostname="Nirmala" failures="0" tests="1" name="com.tyss.studentmanagement.AddTeacherTest" time="7.559" errors="0" timestamp="2022-08-10T17:34:50 IST" skipped="0">
  <testcase classname="com.tyss.studentmanagement.AddTeacherTest" name="addTeacherpage" time="7.559"/>
  <system-out>
    <![CDATA[add teacher page display]]>
  </system-out>
</testsuite> <!-- com.tyss.studentmanagement.AddTeacherTest -->
