<?xml version="1.0" encoding="UTF-8"?>
<!-- Generated by org.testng.reporters.JUnitReportReporter -->
<testsuite hostname="Nirmala" failures="0" tests="1" name="com.tyss.studentmanagement.EditSubjectRoutingTest" time="1.140" errors="0" timestamp="2022-08-11T18:58:41 IST" skipped="0">
  <testcase classname="com.tyss.studentmanagement.EditSubjectRoutingTest" name="main" time="1.140"/>
  <system-out/>
</testsuite> <!-- com.tyss.studentmanagement.EditSubjectRoutingTest -->
