<?xml version="1.0" encoding="UTF-8"?>
<!-- Generated by org.testng.reporters.JUnitReportReporter -->
<testsuite hostname="LAPTOP-DC5CTV5D" failures="0" tests="1" name="com.tyss.studentmanagement.EditGrade" time="0.987" errors="0" timestamp="2022-08-11T16:29:36 IST" skipped="0">
  <testcase classname="com.tyss.studentmanagement.EditGrade" name="main" time="0.987"/>
  <system-out/>
</testsuite> <!-- com.tyss.studentmanagement.EditGrade -->
