<?xml version="1.0" encoding="UTF-8"?>
<!-- Generated by org.testng.reporters.JUnitReportReporter -->
<testsuite hostname="Nirmala" failures="0" tests="1" name="com.tyss.studentmanagement.AddClassroom" time="0.763" errors="0" timestamp="2022-08-09T18:28:13 IST" skipped="0">
  <testcase classname="com.tyss.studentmanagement.AddClassroom" name="classroom" time="0.763"/>
  <system-out/>
</testsuite> <!-- com.tyss.studentmanagement.AddClassroom -->
