<?xml version="1.0" encoding="UTF-8"?>
<!-- Generated by org.testng.reporters.JUnitReportReporter -->
<<<<<<< HEAD
<testsuite hostname="Nirmala" failures="0" tests="1" name="com.tyss.studentmanagement.AddClassroom" time="1.078" errors="0" timestamp="2022-08-10T12:03:06 IST" skipped="0">
  <testcase classname="com.tyss.studentmanagement.AddClassroom" name="classroom" time="1.078"/>
=======
<testsuite hostname="LAPTOP-DC5CTV5D" failures="0" tests="1" name="com.tyss.studentmanagement.AddClassroom" time="0.880" errors="0" timestamp="2022-08-11T16:58:37 IST" skipped="0">
  <testcase classname="com.tyss.studentmanagement.AddClassroom" name="classroom" time="0.880"/>
>>>>>>> branch 'master' of https://github.com/nirmalasai/SMS.git
  <system-out/>
</testsuite> <!-- com.tyss.studentmanagement.AddClassroom -->
