<?xml version="1.0" encoding="UTF-8"?>
<!-- Generated by org.testng.reporters.JUnitReportReporter -->
<testsuite hostname="Nirmala" failures="0" tests="1" name="com.tyss.studentmanagement.AllTeachersTest" time="8.520" errors="0" timestamp="2022-08-11T16:56:26 IST" skipped="0">
  <testcase classname="com.tyss.studentmanagement.AllTeachersTest" name="searchEdit" time="8.520"/>
  <system-out/>
</testsuite> <!-- com.tyss.studentmanagement.AllTeachersTest -->
